Failed to load file.
program: obj/daemon/maild.c, object: obj/daemon/maild line 24
'          reset' in '  obj/daemon/maild.c' ('    obj/daemon/maild')line 24
Wrong permissions for opening file www/quest-list.html for append.
program: obj/daemon/quest_fixer.c, object: obj/daemon/quest_fixer line 120
'          reset' in 'obj/daemon/quest_fixer.c' ('obj/daemon/quest_fixer')line 120
Bad argument 1 to sizeof()
program: room/post.c, object: room/post line 59
'           move' in '         room/room.c' ('room/new/narr_alley2')line 353
'    move_player' in 'obj/living_functions.c' ('        obj/player#5')line 554
'real_move_player' in 'obj/living_functions.c' ('        obj/player#5')line 453
'           init' in '         room/post.c' ('           room/post')line 31
'      get_email' in '         room/post.c' ('           room/post')line 59
Failed to load file.
program: players/profezzorn/brainlibrary.c, object: std/tools/brainloader#11 line 398
'          do_it' in 'players/profezzorn/brain.c' ('std/tools/brainloader#11')line 4662
'          patch' in 'players/profezzorn/brain.c' ('std/tools/brainloader#11')line 3385
'         patch2' in 'players/profezzorn/brain.c' ('std/tools/brainloader#11')line 3419
' enhance_result' in 'players/profezzorn/brain.c' ('std/tools/brainloader#11')line 1201
'          popen' in 'players/profezzorn/brainlibrary.c' ('std/tools/brainloader#11')line 398
Failed to load file.
program: obj/daemon/maild.c, object: obj/daemon/maild line 24
'           load' in '       obj/wiztool.c' ('       obj/wiztool#8')line 1169
'          reset' in '  obj/daemon/maild.c' ('    obj/daemon/maild')line 24
Bad argument 1 to explode()
program: players/profezzorn/brainbase.c, object: players/profezzorn/brainbase line 1236
'          do_it' in 'players/profezzorn/brain.c' ('std/tools/brainloader#16')line 4662
'       identify' in 'players/profezzorn/brain.c' ('std/tools/brainloader#16')line 3650
'      basepatch' in 'players/profezzorn/brainlibrary.c' ('std/tools/brainloader#16')line 538
'          enjoy' in 'players/profezzorn/brainbase.c' ('players/profezzorn/brainbase')line 1312
' get_query_list' in 'players/profezzorn/brainbase.c' ('players/profezzorn/brainbase')line 1242
'fix_query_lists' in 'players/profezzorn/brainbase.c' ('players/profezzorn/brainbase')line 1236
Failed to load file.
program: obj/simul_efun.c, object: obj/simul_efun line 130
'         do_cmd' in '    std/basic_room.c' ('     room/vill_green')line 87
'    move_player' in 'obj/living_functions.c' ('       obj/player#12')line 554
'real_move_player' in 'obj/living_functions.c' ('       obj/player#12')line 396
'    load_object' in '    obj/simul_efun.c' ('      obj/simul_efun')line 130
Bad argument 1 to explode()
program: players/profezzorn/brainbase.c, object: players/profezzorn/brainbase line 1236
'          do_it' in 'players/profezzorn/brain.c' ('std/tools/brainloader#16')line 4662
'       identify' in 'players/profezzorn/brain.c' ('std/tools/brainloader#16')line 3650
'      basepatch' in 'players/profezzorn/brainlibrary.c' ('std/tools/brainloader#16')line 538
'          enjoy' in 'players/profezzorn/brainbase.c' ('players/profezzorn/brainbase')line 1312
' get_query_list' in 'players/profezzorn/brainbase.c' ('players/profezzorn/brainbase')line 1242
'fix_query_lists' in 'players/profezzorn/brainbase.c' ('players/profezzorn/brainbase')line 1236
Bad argument 1 to sizeof()
program: room/post.c, object: room/post line 59
'       teleport' in '       obj/wiztool.c' ('       obj/wiztool#8')line 743
'    move_player' in 'obj/living_functions.c' ('        obj/player#5')line 554
'real_move_player' in 'obj/living_functions.c' ('        obj/player#5')line 453
'           init' in '         room/post.c' ('           room/post')line 31
'      get_email' in '         room/post.c' ('           room/post')line 59
Bad argument 1 to sizeof()
program: room/post.c, object: room/post line 59
'       teleport' in '       obj/wiztool.c' ('       obj/wiztool#8')line 743
'    move_player' in 'obj/living_functions.c' ('        obj/player#5')line 554
'real_move_player' in 'obj/living_functions.c' ('        obj/player#5')line 453
'           init' in '         room/post.c' ('           room/post')line 31
'      get_email' in '         room/post.c' ('           room/post')line 59
Index out of bounds
program: obj/soul.c, object: obj/soul#30 line 236
'        do_feel' in '          obj/soul.c' ('         obj/soul#30')line 1682
'          flush' in '          obj/soul.c' ('         obj/soul#30')line 834
' fast_linebreak' in '          obj/soul.c' ('         obj/soul#30')line 236
Failed to load file.
program: players/profezzorn/brainlibrary.c, object: std/tools/brainloader#11 line 398
'          do_it' in 'players/profezzorn/brain.c' ('std/tools/brainloader#11')line 4662
'          patch' in 'players/profezzorn/brain.c' ('std/tools/brainloader#11')line 3385
'         patch2' in 'players/profezzorn/brain.c' ('std/tools/brainloader#11')line 3419
' enhance_result' in 'players/profezzorn/brain.c' ('std/tools/brainloader#11')line 1201
'          popen' in 'players/profezzorn/brainlibrary.c' ('std/tools/brainloader#11')line 398
Failed to load file.
program: players/profezzorn/brainlibrary.c, object: std/tools/brainloader#11 line 398
'          do_it' in 'players/profezzorn/brain.c' ('std/tools/brainloader#11')line 4662
'          patch' in 'players/profezzorn/brain.c' ('std/tools/brainloader#11')line 3385
'         patch2' in 'players/profezzorn/brain.c' ('std/tools/brainloader#11')line 3419
' enhance_result' in 'players/profezzorn/brain.c' ('std/tools/brainloader#11')line 1201
'          popen' in 'players/profezzorn/brainlibrary.c' ('std/tools/brainloader#11')line 398
Bad argument 1 to explode()
program: players/profezzorn/brainbase.c, object: players/profezzorn/brainbase line 1236
'          do_it' in 'players/profezzorn/brain.c' ('std/tools/brainloader#16')line 4662
'       identify' in 'players/profezzorn/brain.c' ('std/tools/brainloader#16')line 3650
'      basepatch' in 'players/profezzorn/brainlibrary.c' ('std/tools/brainloader#16')line 538
'          enjoy' in 'players/profezzorn/brainbase.c' ('players/profezzorn/brainbase')line 1312
' get_query_list' in 'players/profezzorn/brainbase.c' ('players/profezzorn/brainbase')line 1242
'fix_query_lists' in 'players/profezzorn/brainbase.c' ('players/profezzorn/brainbase')line 1236
Bad argument 1 to sizeof()
program: room/post.c, object: room/post line 59
'           move' in '         room/room.c' ('room/new/narr_alley2')line 353
'    move_player' in 'obj/living_functions.c' ('        obj/player#5')line 554
'real_move_player' in 'obj/living_functions.c' ('        obj/player#5')line 453
'           init' in '         room/post.c' ('           room/post')line 31
'      get_email' in '         room/post.c' ('           room/post')line 59
Bad argument 1 to sizeof()
program: room/post.c, object: room/post line 59
'           move' in '         room/room.c' ('room/new/narr_alley2')line 353
'    move_player' in 'obj/living_functions.c' ('       obj/player#35')line 554
'real_move_player' in 'obj/living_functions.c' ('       obj/player#35')line 453
'           init' in '         room/post.c' ('           room/post')line 31
'      get_email' in '         room/post.c' ('           room/post')line 59
Failed to load file.
program: obj/simul_efun.c, object: obj/simul_efun line 130
'         do_cmd' in '    std/basic_room.c' ('     room/vill_green')line 87
'    move_player' in 'obj/living_functions.c' ('       obj/player#37')line 554
'real_move_player' in 'obj/living_functions.c' ('       obj/player#37')line 396
'    load_object' in '    obj/simul_efun.c' ('      obj/simul_efun')line 130
Failed to load file.
program: players/profezzorn/brainlibrary.c, object: std/tools/brainloader#16 line 398
'          do_it' in 'players/profezzorn/brain.c' ('std/tools/brainloader#16')line 4662
'          patch' in 'players/profezzorn/brain.c' ('std/tools/brainloader#16')line 3385
'         patch2' in 'players/profezzorn/brain.c' ('std/tools/brainloader#16')line 3419
' enhance_result' in 'players/profezzorn/brain.c' ('std/tools/brainloader#16')line 1201
'          popen' in 'players/profezzorn/brainlibrary.c' ('std/tools/brainloader#16')line 398
Unknown errno 32
Index out of bounds
program: room/adv_guild.c, object: room/adv_guild line 191
'         do_cmd' in '          std/room.c' ('      room/adv_guild')line 82
'       ::do_cmd' in '    std/basic_room.c' ('      room/adv_guild')line 93
'       ::do_cmd' in '         std/basic.c' ('      room/adv_guild')line 366
'           eval' in '         std/basic.c' ('      room/adv_guild')line 36
' cost_for_level' in '    room/adv_guild.c' ('      room/adv_guild')line 232
'     raise_cost' in '    room/adv_guild.c' ('      room/adv_guild')line 492
'   get_next_exp' in '    room/adv_guild.c' ('      room/adv_guild')line 191
